<?xml version="1.0" encoding="UTF-8"?>
<!-- Generated by org.testng.reporters.JUnitReportReporter -->
<testsuite hostname="MaC" failures="0" tests="1" name="automation.mavenJava.BrowserLunchingTest" time="0.156" errors="0" timestamp="2024-06-27T19:34:04 IST" skipped="0">
  <testcase classname="automation.mavenJava.BrowserLunchingTest" name="verifyingTitleOfPage" time="0.156"/>
</testsuite> <!-- automation.mavenJava.BrowserLunchingTest -->
